  [1m[35m (227.6ms)[0m  [1m[35mCREATE TABLE "schema_migrations" ("version" varchar NOT NULL PRIMARY KEY)[0m
  [1m[35m (208.0ms)[0m  [1m[35mCREATE TABLE "ar_internal_metadata" ("key" varchar NOT NULL PRIMARY KEY, "value" varchar, "created_at" datetime NOT NULL, "updated_at" datetime NOT NULL)[0m
  [1m[36mActiveRecord::SchemaMigration Load (0.1ms)[0m  [1m[34mSELECT "schema_migrations".* FROM "schema_migrations"[0m
Migrating to CreateLocations (20161102184455)
  [1m[35m (0.3ms)[0m  [1m[36mbegin transaction[0m
  [1m[35m (0.7ms)[0m  [1m[35mCREATE TABLE "locations" ("id" INTEGER PRIMARY KEY AUTOINCREMENT NOT NULL, "latitude" float, "longitude" float, "address" varchar, "description" text, "title" varchar, "created_at" datetime NOT NULL, "updated_at" datetime NOT NULL)[0m
  [1m[35mSQL (0.3ms)[0m  [1m[32mINSERT INTO "schema_migrations" ("version") VALUES (?)[0m  [["version", "20161102184455"]]
  [1m[35m (226.5ms)[0m  [1m[36mcommit transaction[0m
  [1m[36mActiveRecord::InternalMetadata Load (0.7ms)[0m  [1m[34mSELECT  "ar_internal_metadata".* FROM "ar_internal_metadata" WHERE "ar_internal_metadata"."key" = ? LIMIT ?[0m  [["key", :environment], ["LIMIT", 1]]
  [1m[35m (7.9ms)[0m  [1m[36mbegin transaction[0m
  [1m[35mSQL (0.3ms)[0m  [1m[32mINSERT INTO "ar_internal_metadata" ("key", "value", "created_at", "updated_at") VALUES (?, ?, ?, ?)[0m  [["key", "environment"], ["value", "development"], ["created_at", 2016-11-02 18:45:21 UTC], ["updated_at", 2016-11-02 18:45:21 UTC]]
  [1m[35m (218.9ms)[0m  [1m[36mcommit transaction[0m
  [1m[36mActiveRecord::SchemaMigration Load (0.2ms)[0m  [1m[34mSELECT "schema_migrations".* FROM "schema_migrations"[0m
Started GET "/" for 127.0.0.1 at 2016-11-02 12:48:04 -0600
  [1m[36mActiveRecord::SchemaMigration Load (0.1ms)[0m  [1m[34mSELECT "schema_migrations".* FROM "schema_migrations"[0m
Processing by LocationsController#index as HTML
  Rendering locations/index.html.erb within layouts/application
  [1m[36mLocation Load (0.2ms)[0m  [1m[34mSELECT "locations".* FROM "locations"[0m
  Rendered locations/index.html.erb within layouts/application (17.5ms)
Completed 200 OK in 1555ms (Views: 1539.1ms | ActiveRecord: 0.4ms)


Started GET "/" for 127.0.0.1 at 2016-11-02 12:49:02 -0600
Processing by LocationsController#index as HTML
  Rendering locations/index.html.erb within layouts/application
  [1m[36mLocation Load (0.2ms)[0m  [1m[34mSELECT "locations".* FROM "locations"[0m
  Rendered locations/index.html.erb within layouts/application (2.7ms)
Completed 200 OK in 47ms (Views: 45.0ms | ActiveRecord: 0.2ms)


Started GET "/" for 127.0.0.1 at 2016-11-02 12:49:04 -0600
Processing by LocationsController#index as HTML
  Rendering locations/index.html.erb within layouts/application
  [1m[36mLocation Load (0.2ms)[0m  [1m[34mSELECT "locations".* FROM "locations"[0m
  Rendered locations/index.html.erb within layouts/application (2.6ms)
Completed 200 OK in 74ms (Views: 71.3ms | ActiveRecord: 0.2ms)


Started GET "/" for 127.0.0.1 at 2016-11-02 12:51:32 -0600
Processing by LocationsController#index as HTML
  Rendering locations/index.html.erb within layouts/application
  [1m[36mLocation Load (0.5ms)[0m  [1m[34mSELECT "locations".* FROM "locations"[0m
  Rendered locations/index.html.erb within layouts/application (3.6ms)
Completed 200 OK in 5639ms (Views: 5636.7ms | ActiveRecord: 0.5ms)


Started GET "/" for 127.0.0.1 at 2016-11-02 12:52:21 -0600
Processing by LocationsController#index as HTML
  Rendering locations/index.html.erb within layouts/application
  [1m[36mLocation Load (0.2ms)[0m  [1m[34mSELECT "locations".* FROM "locations"[0m
  Rendered locations/index.html.erb within layouts/application (3.2ms)
Completed 200 OK in 92ms (Views: 90.4ms | ActiveRecord: 0.2ms)


Started GET "/" for 127.0.0.1 at 2016-11-02 13:00:31 -0600
Processing by LocationsController#index as HTML
  Rendering locations/index.html.erb within layouts/application
  [1m[36mLocation Load (0.2ms)[0m  [1m[34mSELECT "locations".* FROM "locations"[0m
  Rendered locations/index.html.erb within layouts/application (6.8ms)
Completed 200 OK in 138ms (Views: 133.7ms | ActiveRecord: 0.2ms)


Started GET "/locations/new" for 127.0.0.1 at 2016-11-02 13:12:21 -0600
Processing by LocationsController#new as HTML
  Rendering locations/new.html.erb within layouts/application
  Rendered locations/_form.html.erb (143.8ms)
  Rendered locations/new.html.erb within layouts/application (144.8ms)
Completed 200 OK in 285ms (Views: 269.4ms | ActiveRecord: 0.8ms)


Started POST "/locations" for 127.0.0.1 at 2016-11-02 13:12:59 -0600
Processing by LocationsController#create as HTML
  Parameters: {"utf8"=>"✓", "authenticity_token"=>"RduS4OXpFLQ7p53Xc9cTS2II+vWQq34OAMLt9qijA7//C0oI8lwOe5PQAdzNmws54C8b4aJJwNsSskphRQNEEg==", "location"=>{"latitude"=>"", "longitude"=>"", "address"=>"new york usa", "description"=>"lorem", "title"=>"big apple"}, "commit"=>"Create Location"}
  [1m[35m (0.1ms)[0m  [1m[36mbegin transaction[0m
  [1m[35mSQL (0.3ms)[0m  [1m[32mINSERT INTO "locations" ("address", "description", "title", "created_at", "updated_at") VALUES (?, ?, ?, ?, ?)[0m  [["address", "new york usa"], ["description", "lorem"], ["title", "big apple"], ["created_at", 2016-11-02 19:13:04 UTC], ["updated_at", 2016-11-02 19:13:04 UTC]]
  [1m[35m (229.3ms)[0m  [1m[36mcommit transaction[0m
Redirected to http://localhost:3000/locations/1
Completed 302 Found in 5304ms (ActiveRecord: 229.7ms)


Started GET "/locations/1" for 127.0.0.1 at 2016-11-02 13:13:04 -0600
Processing by LocationsController#show as HTML
  Parameters: {"id"=>"1"}
  [1m[36mLocation Load (0.2ms)[0m  [1m[34mSELECT  "locations".* FROM "locations" WHERE "locations"."id" = ? LIMIT ?[0m  [["id", 1], ["LIMIT", 1]]
  Rendering locations/show.html.erb within layouts/application
  Rendered locations/show.html.erb within layouts/application (2.8ms)
Completed 200 OK in 79ms (Views: 75.4ms | ActiveRecord: 0.2ms)


Started GET "/locations" for 127.0.0.1 at 2016-11-02 13:13:07 -0600
Processing by LocationsController#index as HTML
  Rendering locations/index.html.erb within layouts/application
  [1m[36mLocation Load (0.2ms)[0m  [1m[34mSELECT "locations".* FROM "locations"[0m
  Rendered locations/index.html.erb within layouts/application (2.1ms)
Completed 200 OK in 92ms (Views: 90.7ms | ActiveRecord: 0.2ms)


Started GET "/locations/new" for 127.0.0.1 at 2016-11-02 13:13:10 -0600
Processing by LocationsController#new as HTML
  Rendering locations/new.html.erb within layouts/application
  Rendered locations/_form.html.erb (4.8ms)
  Rendered locations/new.html.erb within layouts/application (5.9ms)
Completed 200 OK in 117ms (Views: 116.0ms | ActiveRecord: 0.0ms)


Started POST "/locations" for 127.0.0.1 at 2016-11-02 13:13:28 -0600
Processing by LocationsController#create as HTML
  Parameters: {"utf8"=>"✓", "authenticity_token"=>"TDQAwbXSa+mLDeidF1+ubAHssVil1qfbSvd0paUvoAj25NgpomdxJiN6dJapE7Yeg8tQTJc0GQ5Yh9MySI/npQ==", "location"=>{"latitude"=>"", "longitude"=>"", "address"=>"toulon france", "description"=>"lorem france", "title"=>"french Rivera"}, "commit"=>"Create Location"}
  [1m[35m (0.1ms)[0m  [1m[36mbegin transaction[0m
  [1m[35mSQL (0.2ms)[0m  [1m[32mINSERT INTO "locations" ("address", "description", "title", "created_at", "updated_at") VALUES (?, ?, ?, ?, ?)[0m  [["address", "toulon france"], ["description", "lorem france"], ["title", "french Rivera"], ["created_at", 2016-11-02 19:13:38 UTC], ["updated_at", 2016-11-02 19:13:38 UTC]]
  [1m[35m (200.5ms)[0m  [1m[36mcommit transaction[0m
Redirected to http://localhost:3000/locations/2
Completed 302 Found in 10413ms (ActiveRecord: 200.8ms)


Started GET "/locations/2" for 127.0.0.1 at 2016-11-02 13:13:38 -0600
Processing by LocationsController#show as HTML
  Parameters: {"id"=>"2"}
  [1m[36mLocation Load (0.3ms)[0m  [1m[34mSELECT  "locations".* FROM "locations" WHERE "locations"."id" = ? LIMIT ?[0m  [["id", 2], ["LIMIT", 1]]
  Rendering locations/show.html.erb within layouts/application
  Rendered locations/show.html.erb within layouts/application (2.1ms)
Completed 200 OK in 97ms (Views: 94.4ms | ActiveRecord: 0.3ms)


Started GET "/locations" for 127.0.0.1 at 2016-11-02 13:13:57 -0600
Processing by LocationsController#index as HTML
  Rendering locations/index.html.erb within layouts/application
  [1m[36mLocation Load (0.2ms)[0m  [1m[34mSELECT "locations".* FROM "locations"[0m
  Rendered locations/index.html.erb within layouts/application (2.0ms)
Completed 200 OK in 91ms (Views: 89.1ms | ActiveRecord: 0.2ms)


Started GET "/locations/1/edit" for 127.0.0.1 at 2016-11-02 13:15:06 -0600
  [1m[36mActiveRecord::SchemaMigration Load (0.1ms)[0m  [1m[34mSELECT "schema_migrations".* FROM "schema_migrations"[0m
Processing by LocationsController#edit as HTML
  Parameters: {"id"=>"1"}
  [1m[36mLocation Load (0.2ms)[0m  [1m[34mSELECT  "locations".* FROM "locations" WHERE "locations"."id" = ? LIMIT ?[0m  [["id", 1], ["LIMIT", 1]]
  Rendering locations/edit.html.erb within layouts/application
  Rendered locations/_form.html.erb (18.2ms)
  Rendered locations/edit.html.erb within layouts/application (20.4ms)
Completed 200 OK in 1329ms (Views: 1289.3ms | ActiveRecord: 0.6ms)


Started PATCH "/locations/1" for 127.0.0.1 at 2016-11-02 13:15:09 -0600
Processing by LocationsController#update as HTML
  Parameters: {"utf8"=>"✓", "authenticity_token"=>"6XmamWvB2Jx7mAdAm8Ewv3LF/Wr/ZtPN5JACN3Ro2gM3n9RgkIeZarGeFCkpIdkimwbJe2aIJ1/zBpP7udZhTQ==", "location"=>{"latitude"=>"", "longitude"=>"", "address"=>"new york usa", "description"=>"lorem", "title"=>"big apple"}, "commit"=>"Update Location", "id"=>"1"}
  [1m[36mLocation Load (0.1ms)[0m  [1m[34mSELECT  "locations".* FROM "locations" WHERE "locations"."id" = ? LIMIT ?[0m  [["id", 1], ["LIMIT", 1]]
  [1m[35m (0.1ms)[0m  [1m[36mbegin transaction[0m
  [1m[35mSQL (2.6ms)[0m  [1m[33mUPDATE "locations" SET "latitude" = ?, "longitude" = ?, "updated_at" = ? WHERE "locations"."id" = ?[0m  [["latitude", 40.7127837], ["longitude", -74.0059413], ["updated_at", 2016-11-02 19:15:10 UTC], ["id", 1]]
  [1m[35m (166.3ms)[0m  [1m[36mcommit transaction[0m
Redirected to http://localhost:3000/locations/1
Completed 302 Found in 290ms (ActiveRecord: 169.1ms)


Started GET "/locations/1" for 127.0.0.1 at 2016-11-02 13:15:10 -0600
Processing by LocationsController#show as HTML
  Parameters: {"id"=>"1"}
  [1m[36mLocation Load (0.1ms)[0m  [1m[34mSELECT  "locations".* FROM "locations" WHERE "locations"."id" = ? LIMIT ?[0m  [["id", 1], ["LIMIT", 1]]
  Rendering locations/show.html.erb within layouts/application
  Rendered locations/show.html.erb within layouts/application (1.4ms)
Completed 200 OK in 96ms (Views: 93.7ms | ActiveRecord: 0.1ms)


Started GET "/locations" for 127.0.0.1 at 2016-11-02 13:15:16 -0600
Processing by LocationsController#index as HTML
  Rendering locations/index.html.erb within layouts/application
  [1m[36mLocation Load (0.4ms)[0m  [1m[34mSELECT "locations".* FROM "locations"[0m
  Rendered locations/index.html.erb within layouts/application (3.6ms)
Completed 200 OK in 124ms (Views: 121.5ms | ActiveRecord: 0.4ms)


Started GET "/locations/2/edit" for 127.0.0.1 at 2016-11-02 13:15:27 -0600
Processing by LocationsController#edit as HTML
  Parameters: {"id"=>"2"}
  [1m[36mLocation Load (0.1ms)[0m  [1m[34mSELECT  "locations".* FROM "locations" WHERE "locations"."id" = ? LIMIT ?[0m  [["id", 2], ["LIMIT", 1]]
  Rendering locations/edit.html.erb within layouts/application
  Rendered locations/_form.html.erb (7.2ms)
  Rendered locations/edit.html.erb within layouts/application (9.1ms)
Completed 200 OK in 120ms (Views: 118.1ms | ActiveRecord: 0.1ms)


Started PATCH "/locations/2" for 127.0.0.1 at 2016-11-02 13:15:28 -0600
Processing by LocationsController#update as HTML
  Parameters: {"utf8"=>"✓", "authenticity_token"=>"Lf7vrb6tCYWWpdnvjlX4GJFV8L8u5BUvlPzQv5WOLr5zc6Tu/yHeVDzQcWRhhOTDhQsRnods3j/Pglgm9O3sLw==", "location"=>{"latitude"=>"", "longitude"=>"", "address"=>"toulon france", "description"=>"lorem france", "title"=>"french Rivera"}, "commit"=>"Update Location", "id"=>"2"}
  [1m[36mLocation Load (0.1ms)[0m  [1m[34mSELECT  "locations".* FROM "locations" WHERE "locations"."id" = ? LIMIT ?[0m  [["id", 2], ["LIMIT", 1]]
  [1m[35m (0.1ms)[0m  [1m[36mbegin transaction[0m
  [1m[35mSQL (0.3ms)[0m  [1m[33mUPDATE "locations" SET "latitude" = ?, "longitude" = ?, "updated_at" = ? WHERE "locations"."id" = ?[0m  [["latitude", 43.124228], ["longitude", 5.928], ["updated_at", 2016-11-02 19:15:28 UTC], ["id", 2]]
  [1m[35m (388.9ms)[0m  [1m[36mcommit transaction[0m
Redirected to http://localhost:3000/locations/2
Completed 302 Found in 580ms (ActiveRecord: 389.4ms)


Started GET "/locations/2" for 127.0.0.1 at 2016-11-02 13:15:29 -0600
Processing by LocationsController#show as HTML
  Parameters: {"id"=>"2"}
  [1m[36mLocation Load (0.1ms)[0m  [1m[34mSELECT  "locations".* FROM "locations" WHERE "locations"."id" = ? LIMIT ?[0m  [["id", 2], ["LIMIT", 1]]
  Rendering locations/show.html.erb within layouts/application
  Rendered locations/show.html.erb within layouts/application (1.3ms)
Completed 200 OK in 111ms (Views: 108.9ms | ActiveRecord: 0.1ms)


Started GET "/locations" for 127.0.0.1 at 2016-11-02 13:15:33 -0600
Processing by LocationsController#index as HTML
  Rendering locations/index.html.erb within layouts/application
  [1m[36mLocation Load (0.3ms)[0m  [1m[34mSELECT "locations".* FROM "locations"[0m
  Rendered locations/index.html.erb within layouts/application (7.4ms)
Completed 200 OK in 107ms (Views: 104.6ms | ActiveRecord: 0.3ms)


Started GET "/locations" for 127.0.0.1 at 2016-11-02 13:18:37 -0600
Processing by LocationsController#index as HTML
  [1m[36mLocation Load (0.4ms)[0m  [1m[34mSELECT "locations".* FROM "locations"[0m
  Rendering locations/index.html.erb within layouts/application
  Rendered locations/index.html.erb within layouts/application (2.6ms)
Completed 200 OK in 86ms (Views: 73.3ms | ActiveRecord: 0.9ms)


Started GET "/locations" for 127.0.0.1 at 2016-11-02 13:18:40 -0600
Processing by LocationsController#index as HTML
  [1m[36mLocation Load (0.2ms)[0m  [1m[34mSELECT "locations".* FROM "locations"[0m
  Rendering locations/index.html.erb within layouts/application
  Rendered locations/index.html.erb within layouts/application (1.7ms)
Completed 200 OK in 75ms (Views: 72.6ms | ActiveRecord: 0.2ms)


Started GET "/locations" for 127.0.0.1 at 2016-11-02 13:19:06 -0600
Processing by LocationsController#index as HTML
  [1m[36mLocation Load (0.3ms)[0m  [1m[34mSELECT "locations".* FROM "locations"[0m
  Rendering locations/index.html.erb within layouts/application
  Rendered locations/index.html.erb within layouts/application (2.4ms)
Completed 200 OK in 77ms (Views: 74.9ms | ActiveRecord: 0.3ms)


Started GET "/locations" for 127.0.0.1 at 2016-11-02 13:19:52 -0600
Processing by LocationsController#index as HTML
  Rendering locations/index.html.erb within layouts/application
  [1m[36mLocation Load (0.3ms)[0m  [1m[34mSELECT "locations".* FROM "locations"[0m
  Rendered locations/index.html.erb within layouts/application (9.6ms)
Completed 200 OK in 82ms (Views: 77.0ms | ActiveRecord: 0.8ms)


Started GET "/locations" for 127.0.0.1 at 2016-11-02 13:22:06 -0600
Processing by LocationsController#index as HTML
  [1m[36mLocation Load (0.4ms)[0m  [1m[34mSELECT "locations".* FROM "locations"[0m
  Rendering locations/index.html.erb within layouts/application
  Rendered locations/index.html.erb within layouts/application (2.1ms)
Completed 200 OK in 127ms (Views: 113.1ms | ActiveRecord: 2.5ms)


Started GET "/locations" for 127.0.0.1 at 2016-11-02 13:24:02 -0600
Processing by LocationsController#index as HTML
  [1m[36mLocation Load (0.6ms)[0m  [1m[34mSELECT "locations".* FROM "locations"[0m
  Rendering locations/index.html.erb within layouts/application
  Rendered locations/index.html.erb within layouts/application (3.3ms)
Completed 200 OK in 110ms (Views: 93.1ms | ActiveRecord: 1.4ms)


Started GET "/locations" for 127.0.0.1 at 2016-11-02 13:29:52 -0600
Processing by LocationsController#index as HTML
  [1m[36mLocation Load (0.4ms)[0m  [1m[34mSELECT "locations".* FROM "locations"[0m
  Rendering locations/index.html.erb within layouts/application
  Rendered locations/index.html.erb within layouts/application (1.9ms)
Completed 200 OK in 368ms (Views: 351.0ms | ActiveRecord: 1.2ms)


Started GET "/locations" for 127.0.0.1 at 2016-11-02 13:30:10 -0600
Processing by LocationsController#index as HTML
  [1m[36mLocation Load (0.7ms)[0m  [1m[34mSELECT "locations".* FROM "locations"[0m
  Rendering locations/index.html.erb within layouts/application
  Rendered locations/index.html.erb within layouts/application (1.6ms)
Completed 200 OK in 386ms (Views: 382.7ms | ActiveRecord: 0.7ms)


Started GET "/locations" for 127.0.0.1 at 2016-11-02 13:45:03 -0600
Processing by LocationsController#index as HTML
  [1m[36mLocation Load (0.4ms)[0m  [1m[34mSELECT "locations".* FROM "locations"[0m
  Rendering locations/index.html.erb within layouts/application
  Rendered locations/index.html.erb within layouts/application (2.2ms)
Completed 200 OK in 535ms (Views: 531.8ms | ActiveRecord: 0.4ms)


Started GET "/locations" for 127.0.0.1 at 2016-11-02 13:46:02 -0600
Processing by LocationsController#index as HTML
  [1m[36mLocation Load (0.3ms)[0m  [1m[34mSELECT "locations".* FROM "locations"[0m
  Rendering locations/index.html.erb within layouts/application
  Rendered locations/index.html.erb within layouts/application (2.3ms)
Completed 200 OK in 149ms (Views: 146.5ms | ActiveRecord: 0.3ms)


Started GET "/locations" for 127.0.0.1 at 2016-11-02 13:46:33 -0600
Processing by LocationsController#index as HTML
  [1m[36mLocation Load (0.2ms)[0m  [1m[34mSELECT "locations".* FROM "locations"[0m
  Rendering locations/index.html.erb within layouts/application
  Rendered locations/index.html.erb within layouts/application (2.6ms)
Completed 200 OK in 101ms (Views: 98.7ms | ActiveRecord: 0.2ms)


Started GET "/locations/new" for 127.0.0.1 at 2016-11-02 13:48:07 -0600
Processing by LocationsController#new as HTML
  Rendering locations/new.html.erb within layouts/application
  Rendered locations/_form.html.erb (4.6ms)
  Rendered locations/new.html.erb within layouts/application (6.2ms)
Completed 200 OK in 100ms (Views: 97.9ms | ActiveRecord: 0.0ms)


Started POST "/locations" for 127.0.0.1 at 2016-11-02 13:48:41 -0600
Processing by LocationsController#create as HTML
  Parameters: {"utf8"=>"✓", "authenticity_token"=>"VdkS1ZcHLcIY+aLT3sVVa1CO7cVim0dK6LsCU3Vz/CDvCco9gLI3DbCOPthgiU0Z0qkM0VB5+Z/6y6XEmNO7jQ==", "location"=>{"latitude"=>"", "longitude"=>"", "address"=>"México", "description"=>"Lorem mexico", "title"=>"Mexico"}, "commit"=>"Create Location"}
  [1m[35m (0.1ms)[0m  [1m[36mbegin transaction[0m
  [1m[35mSQL (0.8ms)[0m  [1m[32mINSERT INTO "locations" ("latitude", "longitude", "address", "description", "title", "created_at", "updated_at") VALUES (?, ?, ?, ?, ?, ?, ?)[0m  [["latitude", 23.634501], ["longitude", -102.552784], ["address", "México"], ["description", "Lorem mexico"], ["title", "Mexico"], ["created_at", 2016-11-02 19:48:42 UTC], ["updated_at", 2016-11-02 19:48:42 UTC]]
  [1m[35m (194.9ms)[0m  [1m[36mcommit transaction[0m
Redirected to http://localhost:3000/locations/3
Completed 302 Found in 381ms (ActiveRecord: 195.8ms)


Started GET "/locations/3" for 127.0.0.1 at 2016-11-02 13:48:42 -0600
Processing by LocationsController#show as HTML
  Parameters: {"id"=>"3"}
  [1m[36mLocation Load (0.2ms)[0m  [1m[34mSELECT  "locations".* FROM "locations" WHERE "locations"."id" = ? LIMIT ?[0m  [["id", 3], ["LIMIT", 1]]
  Rendering locations/show.html.erb within layouts/application
  Rendered locations/show.html.erb within layouts/application (1.1ms)
Completed 200 OK in 91ms (Views: 88.6ms | ActiveRecord: 0.2ms)


Started GET "/locations" for 127.0.0.1 at 2016-11-02 13:48:46 -0600
Processing by LocationsController#index as HTML
  [1m[36mLocation Load (0.3ms)[0m  [1m[34mSELECT "locations".* FROM "locations"[0m
  Rendering locations/index.html.erb within layouts/application
  Rendered locations/index.html.erb within layouts/application (4.0ms)
Completed 200 OK in 129ms (Views: 126.0ms | ActiveRecord: 0.3ms)


Started GET "/locations/new" for 127.0.0.1 at 2016-11-02 13:48:57 -0600
Processing by LocationsController#new as HTML
  Rendering locations/new.html.erb within layouts/application
  Rendered locations/_form.html.erb (4.8ms)
  Rendered locations/new.html.erb within layouts/application (6.6ms)
Completed 200 OK in 99ms (Views: 97.3ms | ActiveRecord: 0.0ms)


Started POST "/locations" for 127.0.0.1 at 2016-11-02 13:49:06 -0600
Processing by LocationsController#create as HTML
  Parameters: {"utf8"=>"✓", "authenticity_token"=>"yllItEbObbKeZW0sS9UQWp2i8PjJ2qRa8ZTdDVCvzbpwiZBcUXt3fTYS8Sf1mQgoH4UR7Ps4Go/j5HqavQ+KFw==", "location"=>{"latitude"=>"", "longitude"=>"", "address"=>"iceland", "description"=>"iceland", "title"=>"ice"}, "commit"=>"Create Location"}
  [1m[35m (0.1ms)[0m  [1m[36mbegin transaction[0m
  [1m[35mSQL (1.1ms)[0m  [1m[32mINSERT INTO "locations" ("latitude", "longitude", "address", "description", "title", "created_at", "updated_at") VALUES (?, ?, ?, ?, ?, ?, ?)[0m  [["latitude", 64.963051], ["longitude", -19.020835], ["address", "iceland"], ["description", "iceland"], ["title", "ice"], ["created_at", 2016-11-02 19:49:06 UTC], ["updated_at", 2016-11-02 19:49:06 UTC]]
  [1m[35m (219.4ms)[0m  [1m[36mcommit transaction[0m
Redirected to http://localhost:3000/locations/4
Completed 302 Found in 403ms (ActiveRecord: 220.6ms)


Started GET "/locations/4" for 127.0.0.1 at 2016-11-02 13:49:06 -0600
Processing by LocationsController#show as HTML
  Parameters: {"id"=>"4"}
  [1m[36mLocation Load (0.2ms)[0m  [1m[34mSELECT  "locations".* FROM "locations" WHERE "locations"."id" = ? LIMIT ?[0m  [["id", 4], ["LIMIT", 1]]
  Rendering locations/show.html.erb within layouts/application
  Rendered locations/show.html.erb within layouts/application (1.7ms)
Completed 200 OK in 85ms (Views: 82.7ms | ActiveRecord: 0.2ms)


Started GET "/locations" for 127.0.0.1 at 2016-11-02 13:49:09 -0600
Processing by LocationsController#index as HTML
  [1m[36mLocation Load (0.3ms)[0m  [1m[34mSELECT "locations".* FROM "locations"[0m
  Rendering locations/index.html.erb within layouts/application
  Rendered locations/index.html.erb within layouts/application (3.0ms)
Completed 200 OK in 89ms (Views: 81.3ms | ActiveRecord: 0.3ms)


Started GET "/locations/new" for 127.0.0.1 at 2016-11-02 13:49:18 -0600
Processing by LocationsController#new as HTML
  Rendering locations/new.html.erb within layouts/application
  Rendered locations/_form.html.erb (13.2ms)
  Rendered locations/new.html.erb within layouts/application (14.8ms)
Completed 200 OK in 100ms (Views: 98.5ms | ActiveRecord: 0.0ms)


Started POST "/locations" for 127.0.0.1 at 2016-11-02 13:49:28 -0600
Processing by LocationsController#create as HTML
  Parameters: {"utf8"=>"✓", "authenticity_token"=>"VUmwm9ptXoW1FBMdNGd8LAeWW7dKbY789/fBsi+iqC3vmWhzzdhESh1jjxaKK2RehbG6o3iPMCnlh2YlwgLvgA==", "location"=>{"latitude"=>"", "longitude"=>"", "address"=>"argentina", "description"=>"", "title"=>"Arg"}, "commit"=>"Create Location"}
  [1m[35m (0.8ms)[0m  [1m[36mbegin transaction[0m
  [1m[35mSQL (0.3ms)[0m  [1m[32mINSERT INTO "locations" ("latitude", "longitude", "address", "description", "title", "created_at", "updated_at") VALUES (?, ?, ?, ?, ?, ?, ?)[0m  [["latitude", -38.416097], ["longitude", -63.61667199999999], ["address", "argentina"], ["description", ""], ["title", "Arg"], ["created_at", 2016-11-02 19:49:28 UTC], ["updated_at", 2016-11-02 19:49:28 UTC]]
  [1m[35m (191.4ms)[0m  [1m[36mcommit transaction[0m
Redirected to http://localhost:3000/locations/5
Completed 302 Found in 373ms (ActiveRecord: 192.5ms)


Started GET "/locations/5" for 127.0.0.1 at 2016-11-02 13:49:28 -0600
Processing by LocationsController#show as HTML
  Parameters: {"id"=>"5"}
  [1m[36mLocation Load (0.2ms)[0m  [1m[34mSELECT  "locations".* FROM "locations" WHERE "locations"."id" = ? LIMIT ?[0m  [["id", 5], ["LIMIT", 1]]
  Rendering locations/show.html.erb within layouts/application
  Rendered locations/show.html.erb within layouts/application (1.4ms)
Completed 200 OK in 75ms (Views: 73.0ms | ActiveRecord: 0.2ms)


Started GET "/locations" for 127.0.0.1 at 2016-11-02 13:49:31 -0600
Processing by LocationsController#index as HTML
  [1m[36mLocation Load (0.3ms)[0m  [1m[34mSELECT "locations".* FROM "locations"[0m
  Rendering locations/index.html.erb within layouts/application
  Rendered locations/index.html.erb within layouts/application (6.3ms)
Completed 200 OK in 121ms (Views: 118.1ms | ActiveRecord: 0.3ms)


Started GET "/locations" for 127.0.0.1 at 2016-11-02 13:51:11 -0600
Processing by LocationsController#index as HTML
  [1m[36mLocation Load (0.3ms)[0m  [1m[34mSELECT "locations".* FROM "locations"[0m
  Rendering locations/index.html.erb within layouts/application
  Rendered locations/index.html.erb within layouts/application (3.8ms)
Completed 200 OK in 420ms (Views: 417.7ms | ActiveRecord: 0.3ms)


